2026-07-19 01:03:49 | INFO | ML | === RUN START ===
2026-07-19 01:03:49 | INFO | ML | project=ML
2026-07-19 01:03:49 | INFO | ML | repo_dir=ml-04-regression
2026-07-19 01:03:49 | INFO | ML | python=3.14.2
2026-07-19 01:03:49 | INFO | ML | os=Windows 11
2026-07-19 01:03:49 | INFO | ML | shell=powershell
2026-07-19 01:03:49 | INFO | ML | cwd=.
2026-07-19 01:03:49 | INFO | ML | github_actions=False
2026-07-19 01:03:49 | INFO | ML | === RUN START ===
2026-07-19 01:03:49 | INFO | ML | project=ML
2026-07-19 01:03:49 | INFO | ML | repo_dir=ml-04-regression
2026-07-19 01:03:49 | INFO | ML | python=3.14.2
2026-07-19 01:03:49 | INFO | ML | os=Windows 11
2026-07-19 01:03:49 | INFO | ML | shell=powershell
2026-07-19 01:03:49 | INFO | ML | cwd=.
2026-07-19 01:03:49 | INFO | ML | github_actions=False
2026-07-19 01:03:49 | INFO | ML | ========================
2026-07-19 01:03:49 | INFO | ML | START main()
2026-07-19 01:03:49 | INFO | ML | ========================
2026-07-19 01:03:49 | INFO | ML | Load dataset..............
2026-07-19 01:03:49 | INFO | ML | Loading dataset: hours_scores_case
2026-07-19 01:03:49 | INFO | ML | Loaded: 10 rows, 6 columns
2026-07-19 01:03:49 | DEBUG | ML | 
   hours_studied  practice_quizzes  attendance_pct  sleep_hours  prior_score  score
0            2.0                 1              72          6.0           58     62
1            3.5                 2              80          6.5           61     68
2            4.0                 3              85          7.0           64     72
3            5.0                 3              88          7.5           66     76
4            6.0                 4              90          7.0           70     81
2026-07-19 01:03:49 | INFO | ML | Inspect dataset...........
2026-07-19 01:03:49 | INFO | ML | Column names
2026-07-19 01:03:49 | DEBUG | ML | ['hours_studied', 'practice_quizzes', 'attendance_pct', 'sleep_hours', 'prior_score', 'score']
2026-07-19 01:03:49 | INFO | ML | DataFrame info
2026-07-19 01:03:49 | INFO | ML | Dataset shape: 10 rows, 6 columns
2026-07-19 01:03:49 | INFO | ML | Check data quality........
2026-07-19 01:03:49 | INFO | ML | Missing values by column
2026-07-19 01:03:49 | DEBUG | ML | 
hours_studied       0
practice_quizzes    0
attendance_pct      0
sleep_hours         0
prior_score         0
score               0
dtype: int64
2026-07-19 01:03:49 | INFO | ML | Duplicate row count: 0
2026-07-19 01:03:49 | INFO | ML | Create clean view.........
2026-07-19 01:03:49 | INFO | ML | Creating clean modeling view
2026-07-19 01:03:49 | INFO | ML | Clean view: 10 rows, 6 columns
2026-07-19 01:03:49 | INFO | ML | Train supervised model....
2026-07-19 01:03:49 | INFO | ML | Training LinearRegression model
2026-07-19 01:03:49 | INFO | ML | Mean absolute error: 0.48
2026-07-19 01:03:49 | INFO | ML | R-squared: 1.00
2026-07-19 01:03:49 | INFO | ML | Predict one case..........
2026-07-19 01:03:49 | INFO | ML | Predicting one new case
2026-07-19 01:03:49 | INFO | ML | New case:
   hours_studied  practice_quizzes  attendance_pct  sleep_hours  prior_score
0            6.5                 4              92          7.0           72
2026-07-19 01:03:49 | INFO | ML | Predicted score: 83.4
2026-07-19 01:03:49 | INFO | ML | Create charts.............
2026-07-19 01:03:49 | INFO | ML | Creating chart: hours studied vs score
2026-07-19 01:03:52 | INFO | ML | Creating chart: model coefficients
2026-07-19 01:03:52 | INFO | ML | Got a figure Figure(900x500) and axes Axes(0.125,0.11;0.775x0.77) from plt.subplots().
2026-07-19 01:03:52 | INFO | ML | Summarize workflow........
2026-07-19 01:03:52 | INFO | ML | ========================
2026-07-19 01:03:52 | INFO | ML | SUMMARY
2026-07-19 01:03:52 | INFO | ML | ========================
2026-07-19 01:03:52 | INFO | ML | Dataset: hours_scores_case
2026-07-19 01:03:52 | INFO | ML | Original rows: 10
2026-07-19 01:03:52 | INFO | ML | Clean rows: 10
2026-07-19 01:03:52 | INFO | ML | Features: ['hours_studied', 'practice_quizzes', 'attendance_pct', 'sleep_hours', 'prior_score']
2026-07-19 01:03:52 | INFO | ML | Target: score
2026-07-19 01:03:52 | INFO | ML | ----- in a script, call plt.show() once at the end to display all charts -----
2026-07-19 01:03:52 | INFO | ML | ----- in a script, CLOSE the chart windows with the close button to CONTINUE -----
2026-07-19 01:08:04 | INFO | ML | === RUN START ===
2026-07-19 01:08:04 | INFO | ML | project=ML
2026-07-19 01:08:04 | INFO | ML | repo_dir=ml-04-regression
2026-07-19 01:08:04 | INFO | ML | python=3.14.2
2026-07-19 01:08:04 | INFO | ML | os=Windows 11
2026-07-19 01:08:04 | INFO | ML | shell=powershell
2026-07-19 01:08:04 | INFO | ML | cwd=.
2026-07-19 01:08:04 | INFO | ML | github_actions=False
2026-07-19 01:08:04 | INFO | ML | === RUN START ===
2026-07-19 01:08:04 | INFO | ML | project=ML
2026-07-19 01:08:04 | INFO | ML | repo_dir=ml-04-regression
2026-07-19 01:08:04 | INFO | ML | python=3.14.2
2026-07-19 01:08:04 | INFO | ML | os=Windows 11
2026-07-19 01:08:04 | INFO | ML | shell=powershell
2026-07-19 01:08:04 | INFO | ML | cwd=.
2026-07-19 01:08:04 | INFO | ML | github_actions=False
2026-07-19 01:08:04 | INFO | ML | ========================
2026-07-19 01:08:04 | INFO | ML | START main()
2026-07-19 01:08:04 | INFO | ML | ========================
2026-07-19 01:08:04 | INFO | ML | Load dataset..............
2026-07-19 01:08:04 | INFO | ML | Loading dataset: hours_scores_case
2026-07-19 01:08:04 | INFO | ML | Loaded: 10 rows, 6 columns
2026-07-19 01:08:04 | DEBUG | ML | 
   hours_studied  practice_quizzes  attendance_pct  sleep_hours  prior_score  score
0            2.0                 1              72          6.0           58     62
1            3.5                 2              80          6.5           61     68
2            4.0                 3              85          7.0           64     72
3            5.0                 3              88          7.5           66     76
4            6.0                 4              90          7.0           70     81
2026-07-19 01:08:04 | INFO | ML | Inspect dataset...........
2026-07-19 01:08:04 | INFO | ML | Column names
2026-07-19 01:08:04 | DEBUG | ML | ['hours_studied', 'practice_quizzes', 'attendance_pct', 'sleep_hours', 'prior_score', 'score']
2026-07-19 01:08:04 | INFO | ML | DataFrame info
2026-07-19 01:08:04 | INFO | ML | Dataset shape: 10 rows, 6 columns
2026-07-19 01:08:04 | INFO | ML | Check data quality........
2026-07-19 01:08:04 | INFO | ML | Missing values by column
2026-07-19 01:08:04 | DEBUG | ML | 
hours_studied       0
practice_quizzes    0
attendance_pct      0
sleep_hours         0
prior_score         0
score               0
dtype: int64
2026-07-19 01:08:04 | INFO | ML | Duplicate row count: 0
2026-07-19 01:08:04 | INFO | ML | Create clean view.........
2026-07-19 01:08:04 | INFO | ML | Creating clean modeling view
2026-07-19 01:08:04 | INFO | ML | Clean view: 10 rows, 6 columns
2026-07-19 01:08:04 | INFO | ML | Train supervised model....
2026-07-19 01:08:04 | INFO | ML | Training LinearRegression model
2026-07-19 01:08:04 | INFO | ML | Mean absolute error: 0.48
2026-07-19 01:08:04 | INFO | ML | R-squared: 1.00
2026-07-19 01:08:04 | INFO | ML | Predict one case..........
2026-07-19 01:08:04 | INFO | ML | Predicting one new case
2026-07-19 01:08:04 | INFO | ML | New case:
   hours_studied  practice_quizzes  attendance_pct  sleep_hours  prior_score
0            6.5                 4              92          7.0           72
2026-07-19 01:08:04 | INFO | ML | Predicted score: 83.4
2026-07-19 01:08:04 | INFO | ML | Create charts.............
2026-07-19 01:08:04 | INFO | ML | Creating chart: hours studied vs score
2026-07-19 01:08:05 | INFO | ML | Creating chart: model coefficients
2026-07-19 01:08:05 | INFO | ML | Got a figure Figure(900x500) and axes Axes(0.125,0.11;0.775x0.77) from plt.subplots().
2026-07-19 01:08:05 | INFO | ML | Summarize workflow........
2026-07-19 01:08:05 | INFO | ML | ========================
2026-07-19 01:08:05 | INFO | ML | SUMMARY
2026-07-19 01:08:05 | INFO | ML | ========================
2026-07-19 01:08:05 | INFO | ML | Dataset: hours_scores_case
2026-07-19 01:08:05 | INFO | ML | Original rows: 10
2026-07-19 01:08:05 | INFO | ML | Clean rows: 10
2026-07-19 01:08:05 | INFO | ML | Features: ['hours_studied', 'practice_quizzes', 'attendance_pct', 'sleep_hours', 'prior_score']
2026-07-19 01:08:05 | INFO | ML | Target: score
2026-07-19 01:08:05 | INFO | ML | ----- in a script, call plt.show() once at the end to display all charts -----
2026-07-19 01:08:05 | INFO | ML | ----- in a script, CLOSE the chart windows with the close button to CONTINUE -----
2026-07-19 01:10:29 | INFO | ML | Workflow complete
2026-07-19 01:10:29 | INFO | ML | IMPORTANT: This script creates chart windows.
2026-07-19 01:10:29 | INFO | ML | Close chart windows and terminate this process with CTRL+c as needed.
2026-07-19 01:10:29 | INFO | ML | ========================
2026-07-19 01:10:29 | INFO | ML | Executed successfully!
2026-07-19 01:10:29 | INFO | ML | ========================
2026-07-19 01:19:31 | INFO | ML | === RUN START ===
2026-07-19 01:19:31 | INFO | ML | project=ML
2026-07-19 01:19:31 | INFO | ML | repo_dir=ml-04-regression
2026-07-19 01:19:31 | INFO | ML | python=3.14.2
2026-07-19 01:19:31 | INFO | ML | os=Windows 11
2026-07-19 01:19:31 | INFO | ML | shell=powershell
2026-07-19 01:19:31 | INFO | ML | cwd=.
2026-07-19 01:19:31 | INFO | ML | github_actions=False
2026-07-19 01:19:31 | INFO | ML | === RUN START ===
2026-07-19 01:19:31 | INFO | ML | project=ML
2026-07-19 01:19:31 | INFO | ML | repo_dir=ml-04-regression
2026-07-19 01:19:31 | INFO | ML | python=3.14.2
2026-07-19 01:19:31 | INFO | ML | os=Windows 11
2026-07-19 01:19:31 | INFO | ML | shell=powershell
2026-07-19 01:19:31 | INFO | ML | cwd=.
2026-07-19 01:19:31 | INFO | ML | github_actions=False
2026-07-19 01:19:31 | INFO | ML | ========================
2026-07-19 01:19:31 | INFO | ML | START main()
2026-07-19 01:19:31 | INFO | ML | ========================
2026-07-19 01:19:31 | INFO | ML | Load dataset..............
2026-07-19 01:19:31 | INFO | ML | Loading dataset: hours_scores_case
2026-07-19 01:19:31 | INFO | ML | Loaded: 10 rows, 6 columns
2026-07-19 01:19:31 | DEBUG | ML | 
   hours_studied  practice_quizzes  attendance_pct  sleep_hours  prior_score  score
0            2.0                 1              72          6.0           58     62
1            3.5                 2              80          6.5           61     68
2            4.0                 3              85          7.0           64     72
3            5.0                 3              88          7.5           66     76
4            6.0                 4              90          7.0           70     81
2026-07-19 01:19:31 | INFO | ML | Inspect dataset...........
2026-07-19 01:19:31 | INFO | ML | Column names
2026-07-19 01:19:31 | DEBUG | ML | ['hours_studied', 'practice_quizzes', 'attendance_pct', 'sleep_hours', 'prior_score', 'score']
2026-07-19 01:19:31 | INFO | ML | DataFrame info
2026-07-19 01:19:31 | INFO | ML | Dataset shape: 10 rows, 6 columns
2026-07-19 01:19:31 | INFO | ML | Check data quality........
2026-07-19 01:19:31 | INFO | ML | Missing values by column
2026-07-19 01:19:31 | DEBUG | ML | 
hours_studied       0
practice_quizzes    0
attendance_pct      0
sleep_hours         0
prior_score         0
score               0
dtype: int64
2026-07-19 01:19:31 | INFO | ML | Duplicate row count: 0
2026-07-19 01:19:31 | INFO | ML | Create clean view.........
2026-07-19 01:19:31 | INFO | ML | Creating clean modeling view
2026-07-19 01:19:31 | INFO | ML | Clean view: 10 rows, 6 columns
2026-07-19 01:19:31 | INFO | ML | Train supervised model....
2026-07-19 01:19:31 | INFO | ML | Training LinearRegression model
2026-07-19 01:19:31 | INFO | ML | Mean absolute error: 0.48
2026-07-19 01:19:31 | INFO | ML | R-squared: 1.00
2026-07-19 01:19:31 | INFO | ML | Predict one case..........
2026-07-19 01:19:31 | INFO | ML | Predicting one new case
2026-07-19 01:19:31 | INFO | ML | New case:
   hours_studied  practice_quizzes  attendance_pct  sleep_hours  prior_score
0            6.5                 4              92          7.0           72
2026-07-19 01:19:31 | INFO | ML | Predicted score: 83.4
2026-07-19 01:19:31 | INFO | ML | Create charts.............
2026-07-19 01:19:31 | INFO | ML | Creating chart: hours studied vs score
2026-07-19 01:19:31 | INFO | ML | Creating chart: model coefficients
2026-07-19 01:19:31 | INFO | ML | Got a figure Figure(900x500) and axes Axes(0.125,0.11;0.775x0.77) from plt.subplots().
2026-07-19 01:19:31 | INFO | ML | Summarize workflow........
2026-07-19 01:19:31 | INFO | ML | ========================
2026-07-19 01:19:31 | INFO | ML | SUMMARY
2026-07-19 01:19:31 | INFO | ML | ========================
2026-07-19 01:19:31 | INFO | ML | Dataset: hours_scores_case
2026-07-19 01:19:31 | INFO | ML | Original rows: 10
2026-07-19 01:19:31 | INFO | ML | Clean rows: 10
2026-07-19 01:19:31 | INFO | ML | Features: ['hours_studied', 'practice_quizzes', 'attendance_pct', 'sleep_hours', 'prior_score']
2026-07-19 01:19:31 | INFO | ML | Target: score
2026-07-19 01:19:31 | INFO | ML | ----- in a script, call plt.show() once at the end to display all charts -----
2026-07-19 01:19:31 | INFO | ML | ----- in a script, CLOSE the chart windows with the close button to CONTINUE -----
2026-07-19 01:19:38 | INFO | ML | Workflow complete
2026-07-19 01:19:38 | INFO | ML | IMPORTANT: This script creates chart windows.
2026-07-19 01:19:38 | INFO | ML | Close chart windows and terminate this process with CTRL+c as needed.
2026-07-19 01:19:38 | INFO | ML | ========================
2026-07-19 01:19:38 | INFO | ML | Executed successfully!
2026-07-19 01:19:38 | INFO | ML | ========================
2026-07-19 01:23:03 | INFO | ML | === RUN START ===
2026-07-19 01:23:03 | INFO | ML | project=ML
2026-07-19 01:23:03 | INFO | ML | repo_dir=ml-04-regression
2026-07-19 01:23:03 | INFO | ML | python=3.14.2
2026-07-19 01:23:03 | INFO | ML | os=Windows 11
2026-07-19 01:23:03 | INFO | ML | shell=powershell
2026-07-19 01:23:03 | INFO | ML | cwd=.
2026-07-19 01:23:03 | INFO | ML | github_actions=False
2026-07-19 01:23:03 | INFO | ML | === RUN START ===
2026-07-19 01:23:03 | INFO | ML | project=ML
2026-07-19 01:23:03 | INFO | ML | repo_dir=ml-04-regression
2026-07-19 01:23:03 | INFO | ML | python=3.14.2
2026-07-19 01:23:03 | INFO | ML | os=Windows 11
2026-07-19 01:23:03 | INFO | ML | shell=powershell
2026-07-19 01:23:03 | INFO | ML | cwd=.
2026-07-19 01:23:03 | INFO | ML | github_actions=False
2026-07-19 01:23:03 | INFO | ML | ========================
2026-07-19 01:23:03 | INFO | ML | START main()
2026-07-19 01:23:03 | INFO | ML | ========================
2026-07-19 01:23:03 | INFO | ML | Load dataset..............
2026-07-19 01:23:03 | INFO | ML | Loading dataset: hours_scores_case
2026-07-19 01:23:03 | INFO | ML | Loaded: 10 rows, 6 columns
2026-07-19 01:23:03 | DEBUG | ML | 
   hours_studied  practice_quizzes  attendance_pct  sleep_hours  prior_score  score
0            2.0                 1              72          6.0           58     62
1            3.5                 2              80          6.5           61     68
2            4.0                 3              85          7.0           64     72
3            5.0                 3              88          7.5           66     76
4            6.0                 4              90          7.0           70     81
2026-07-19 01:23:03 | INFO | ML | Inspect dataset...........
2026-07-19 01:23:03 | INFO | ML | Column names
2026-07-19 01:23:03 | DEBUG | ML | ['hours_studied', 'practice_quizzes', 'attendance_pct', 'sleep_hours', 'prior_score', 'score']
2026-07-19 01:23:03 | INFO | ML | DataFrame info
2026-07-19 01:23:03 | INFO | ML | Dataset shape: 10 rows, 6 columns
2026-07-19 01:23:03 | INFO | ML | Check data quality........
2026-07-19 01:23:03 | INFO | ML | Missing values by column
2026-07-19 01:23:03 | DEBUG | ML | 
hours_studied       0
practice_quizzes    0
attendance_pct      0
sleep_hours         0
prior_score         0
score               0
dtype: int64
2026-07-19 01:23:03 | INFO | ML | Duplicate row count: 0
2026-07-19 01:23:03 | INFO | ML | Create clean view.........
2026-07-19 01:23:03 | INFO | ML | Creating clean modeling view
2026-07-19 01:23:03 | INFO | ML | Clean view: 10 rows, 6 columns
2026-07-19 01:23:03 | INFO | ML | Train supervised model....
2026-07-19 01:23:03 | INFO | ML | Training LinearRegression model
2026-07-19 01:23:03 | INFO | ML | Mean absolute error: 0.48
2026-07-19 01:23:03 | INFO | ML | R-squared: 1.00
2026-07-19 01:23:03 | INFO | ML | Predict one case..........
2026-07-19 01:23:03 | INFO | ML | Predicting one new case
2026-07-19 01:23:03 | INFO | ML | New case:
   hours_studied  practice_quizzes  attendance_pct  sleep_hours  prior_score
0            6.5                 4              92          7.0           72
2026-07-19 01:23:03 | INFO | ML | Predicted score: 83.4
2026-07-19 01:23:03 | INFO | ML | Create charts.............
2026-07-19 01:23:03 | INFO | ML | Creating chart: hours studied vs score
2026-07-19 01:23:03 | INFO | ML | Creating chart: model coefficients
2026-07-19 01:23:03 | INFO | ML | Got a figure Figure(900x500) and axes Axes(0.125,0.11;0.775x0.77) from plt.subplots().
2026-07-19 01:23:03 | INFO | ML | Summarize workflow........
2026-07-19 01:23:03 | INFO | ML | ========================
2026-07-19 01:23:03 | INFO | ML | SUMMARY
2026-07-19 01:23:03 | INFO | ML | ========================
2026-07-19 01:23:03 | INFO | ML | Dataset: hours_scores_case
2026-07-19 01:23:03 | INFO | ML | Original rows: 10
2026-07-19 01:23:03 | INFO | ML | Clean rows: 10
2026-07-19 01:23:03 | INFO | ML | Features: ['hours_studied', 'practice_quizzes', 'attendance_pct', 'sleep_hours', 'prior_score']
2026-07-19 01:23:03 | INFO | ML | Target: score
2026-07-19 01:23:03 | INFO | ML | ----- in a script, call plt.show() once at the end to display all charts -----
2026-07-19 01:23:03 | INFO | ML | ----- in a script, CLOSE the chart windows with the close button to CONTINUE -----
2026-07-19 01:23:09 | INFO | ML | Workflow complete
2026-07-19 01:23:09 | INFO | ML | IMPORTANT: This script creates chart windows.
2026-07-19 01:23:09 | INFO | ML | Close chart windows and terminate this process with CTRL+c as needed.
2026-07-19 01:23:09 | INFO | ML | ========================
2026-07-19 01:23:09 | INFO | ML | Executed successfully!
2026-07-19 01:23:09 | INFO | ML | ========================
2026-07-20 23:51:32 | INFO | M04 | === RUN START ===
2026-07-20 23:51:32 | INFO | M04 | project=M04
2026-07-20 23:51:32 | INFO | M04 | repo_dir=ml-04-regression
2026-07-20 23:51:32 | INFO | M04 | python=3.14.2
2026-07-20 23:51:32 | INFO | M04 | os=Windows 11
2026-07-20 23:51:32 | INFO | M04 | shell=powershell
2026-07-20 23:51:32 | INFO | M04 | cwd=notebooks
2026-07-20 23:51:32 | INFO | M04 | github_actions=False
2026-07-20 23:51:32 | INFO | M04 | Confirming installation:
2026-07-20 23:51:32 | INFO | M04 |   python:       3.14.2
2026-07-20 23:51:32 | INFO | M04 |   pandas:       3.0.3
2026-07-20 23:51:32 | INFO | M04 |   numpy:        2.5.1
2026-07-20 23:51:32 | INFO | M04 |   scikit-learn: 1.9.0
2026-07-20 23:51:32 | INFO | M04 |   seaborn:      0.13.2
2026-07-20 23:51:32 | INFO | M04 |   matplotlib:   3.11.1
2026-07-20 23:51:32 | INFO | M04 | Loading dataset: penguins
2026-07-20 23:51:32 | INFO | M04 | Loaded: 344 rows (instances), 7 columns
2026-07-20 23:51:32 | INFO | M04 | Original rows: 344  Model rows: 342
2026-07-20 23:51:32 | INFO | M04 | Train instances: 273
2026-07-20 23:51:32 | INFO | M04 | Test instances: 69
2026-07-20 23:51:32 | INFO | M04 | Fitting a linear regression (scikit-learn)
2026-07-20 23:51:32 | INFO | M04 | Fitted line: body_mass_g = 85.0564 * bill_length_mm + 473.402
2026-07-20 23:51:32 | INFO | M04 | Fit numbers on the TEST set (for you to interpret):
2026-07-20 23:51:32 | INFO | M04 |   R-squared: 0.3662
2026-07-20 23:51:32 | INFO | M04 |   RMSE:      649.168  (in units of Body mass (g))
2026-07-20 23:51:32 | DEBUG | M04 |   degree= 1  train RMSE=642.33  test RMSE=649.168
2026-07-20 23:51:32 | DEBUG | M04 |   degree= 2  train RMSE=633.081  test RMSE=653.466
2026-07-20 23:51:32 | DEBUG | M04 |   degree= 3  train RMSE=632.185  test RMSE=651.575
2026-07-20 23:51:32 | DEBUG | M04 |   degree= 4  train RMSE=625.024  test RMSE=654.619
2026-07-20 23:51:32 | DEBUG | M04 |   degree= 5  train RMSE=621.17  test RMSE=661.287
2026-07-20 23:51:32 | DEBUG | M04 |   degree= 6  train RMSE=621.142  test RMSE=661.788
2026-07-20 23:51:32 | DEBUG | M04 |   degree= 7  train RMSE=620.74  test RMSE=661.888
2026-07-20 23:51:32 | DEBUG | M04 |   degree= 8  train RMSE=620.638  test RMSE=661.974
2026-07-20 23:51:32 | DEBUG | M04 |   degree= 9  train RMSE=617.976  test RMSE=651.937
2026-07-20 23:51:32 | DEBUG | M04 |   degree=10  train RMSE=611.801  test RMSE=639.384
2026-07-20 23:51:32 | DEBUG | M04 |   degree=11  train RMSE=610.752  test RMSE=640.316
2026-07-20 23:51:32 | DEBUG | M04 |   degree=12  train RMSE=610.835  test RMSE=640.38
2026-07-20 23:51:32 | DEBUG | M04 |   degree=13  train RMSE=610.915  test RMSE=640.392
2026-07-20 23:51:32 | DEBUG | M04 |   degree=14  train RMSE=609.571  test RMSE=637.259
2026-07-20 23:51:32 | DEBUG | M04 |   degree=15  train RMSE=609.216  test RMSE=636.44
2026-07-20 23:51:33 | INFO | M04 | ========================
2026-07-20 23:51:33 | INFO | M04 | SUMMARY
2026-07-20 23:51:33 | INFO | M04 | ========================
2026-07-20 23:51:33 | INFO | M04 | Dataset:  penguins
2026-07-20 23:51:33 | INFO | M04 | Feature:  bill_length_mm  ->  Target: body_mass_g  (regression)
2026-07-20 23:51:33 | INFO | M04 | Line:     body_mass_g = 85.0564 * bill_length_mm + 473.402
2026-07-20 23:51:33 | INFO | M04 | ========================
2026-07-21 00:00:03 | INFO | M04 | === RUN START ===
2026-07-21 00:00:03 | INFO | M04 | project=M04
2026-07-21 00:00:03 | INFO | M04 | repo_dir=ml-04-regression
2026-07-21 00:00:03 | INFO | M04 | python=3.14.2
2026-07-21 00:00:03 | INFO | M04 | os=Windows 11
2026-07-21 00:00:03 | INFO | M04 | shell=powershell
2026-07-21 00:00:03 | INFO | M04 | cwd=notebooks
2026-07-21 00:00:03 | INFO | M04 | github_actions=False
2026-07-21 00:00:03 | INFO | M04 | Confirming installation:
2026-07-21 00:00:03 | INFO | M04 |   python:       3.14.2
2026-07-21 00:00:03 | INFO | M04 |   pandas:       3.0.3
2026-07-21 00:00:03 | INFO | M04 |   numpy:        2.5.1
2026-07-21 00:00:03 | INFO | M04 |   scikit-learn: 1.9.0
2026-07-21 00:00:03 | INFO | M04 |   seaborn:      0.13.2
2026-07-21 00:00:03 | INFO | M04 |   matplotlib:   3.11.1
2026-07-21 00:00:03 | INFO | M04 | Loading dataset: penguins
2026-07-21 00:00:03 | INFO | M04 | Loaded: 344 rows (instances), 7 columns
2026-07-21 00:00:03 | INFO | M04 | Original rows: 344  Model rows: 342
2026-07-21 00:00:03 | INFO | M04 | Train instances: 273
2026-07-21 00:00:03 | INFO | M04 | Test instances: 69
2026-07-21 00:00:03 | INFO | M04 | Fitting a linear regression (scikit-learn)
2026-07-21 00:00:03 | INFO | M04 | Fitted line: body_mass_g = 85.0564 * bill_length_mm + 473.402
2026-07-21 00:00:03 | INFO | M04 | Fit numbers on the TEST set (for you to interpret):
2026-07-21 00:00:03 | INFO | M04 |   R-squared: 0.3662
2026-07-21 00:00:03 | INFO | M04 |   RMSE:      649.168  (in units of Body mass (g))
2026-07-21 00:00:03 | DEBUG | M04 |   degree= 1  train RMSE=642.33  test RMSE=649.168
2026-07-21 00:00:03 | DEBUG | M04 |   degree= 2  train RMSE=633.081  test RMSE=653.466
2026-07-21 00:00:03 | DEBUG | M04 |   degree= 3  train RMSE=632.185  test RMSE=651.575
2026-07-21 00:00:03 | DEBUG | M04 |   degree= 4  train RMSE=625.024  test RMSE=654.619
2026-07-21 00:00:03 | DEBUG | M04 |   degree= 5  train RMSE=621.17  test RMSE=661.287
2026-07-21 00:00:03 | INFO | M04 | ========================
2026-07-21 00:00:03 | INFO | M04 | SUMMARY
2026-07-21 00:00:03 | INFO | M04 | ========================
2026-07-21 00:00:03 | INFO | M04 | Dataset:  penguins
2026-07-21 00:00:03 | INFO | M04 | Feature:  bill_length_mm  ->  Target: body_mass_g  (regression)
2026-07-21 00:00:03 | INFO | M04 | Line:     body_mass_g = 85.0564 * bill_length_mm + 473.402
2026-07-21 00:00:03 | INFO | M04 | ========================
2026-07-21 00:18:11 | INFO | M04 | === RUN START ===
2026-07-21 00:18:11 | INFO | M04 | project=M04
2026-07-21 00:18:11 | INFO | M04 | repo_dir=ml-04-regression
2026-07-21 00:18:11 | INFO | M04 | python=3.14.2
2026-07-21 00:18:11 | INFO | M04 | os=Windows 11
2026-07-21 00:18:11 | INFO | M04 | shell=powershell
2026-07-21 00:18:11 | INFO | M04 | cwd=notebooks
2026-07-21 00:18:11 | INFO | M04 | github_actions=False
2026-07-21 00:18:11 | INFO | M04 | Confirming installation:
2026-07-21 00:18:11 | INFO | M04 |   python:       3.14.2
2026-07-21 00:18:11 | INFO | M04 |   pandas:       3.0.3
2026-07-21 00:18:11 | INFO | M04 |   numpy:        2.5.1
2026-07-21 00:18:11 | INFO | M04 |   scikit-learn: 1.9.0
2026-07-21 00:18:11 | INFO | M04 |   seaborn:      0.13.2
2026-07-21 00:18:11 | INFO | M04 |   matplotlib:   3.11.1
2026-07-21 00:18:11 | INFO | M04 | Loading dataset: penguins
2026-07-21 00:18:11 | INFO | M04 | Loaded: 344 rows (instances), 7 columns
2026-07-21 00:18:11 | INFO | M04 | Original rows: 344  Model rows: 342
2026-07-21 00:18:11 | INFO | M04 | Train instances: 273
2026-07-21 00:18:11 | INFO | M04 | Test instances: 69
2026-07-21 00:18:11 | INFO | M04 | Fitting a linear regression (scikit-learn)
2026-07-21 00:18:11 | INFO | M04 | Fitted line: body_mass_g = 85.0564 * bill_length_mm + 473.402
2026-07-21 00:18:11 | INFO | M04 | Fit numbers on the TEST set (for you to interpret):
2026-07-21 00:18:11 | INFO | M04 |   R-squared: 0.3662
2026-07-21 00:18:11 | INFO | M04 |   RMSE:      649.168  (in units of Body mass (g))
2026-07-21 00:18:12 | DEBUG | M04 |   degree= 1  train RMSE=642.33  test RMSE=649.168
2026-07-21 00:18:12 | DEBUG | M04 |   degree= 2  train RMSE=633.081  test RMSE=653.466
2026-07-21 00:18:12 | DEBUG | M04 |   degree= 3  train RMSE=632.185  test RMSE=651.575
2026-07-21 00:18:12 | DEBUG | M04 |   degree= 4  train RMSE=625.024  test RMSE=654.619
2026-07-21 00:18:12 | DEBUG | M04 |   degree= 5  train RMSE=621.17  test RMSE=661.287
2026-07-21 00:18:50 | INFO | M04 | === RUN START ===
2026-07-21 00:18:50 | INFO | M04 | project=M04
2026-07-21 00:18:50 | INFO | M04 | repo_dir=ml-04-regression
2026-07-21 00:18:50 | INFO | M04 | python=3.14.2
2026-07-21 00:18:50 | INFO | M04 | os=Windows 11
2026-07-21 00:18:50 | INFO | M04 | shell=powershell
2026-07-21 00:18:50 | INFO | M04 | cwd=notebooks
2026-07-21 00:18:50 | INFO | M04 | github_actions=False
2026-07-21 00:18:50 | INFO | M04 | Confirming installation:
2026-07-21 00:18:50 | INFO | M04 |   python:       3.14.2
2026-07-21 00:18:50 | INFO | M04 |   pandas:       3.0.3
2026-07-21 00:18:50 | INFO | M04 |   numpy:        2.5.1
2026-07-21 00:18:50 | INFO | M04 |   scikit-learn: 1.9.0
2026-07-21 00:18:50 | INFO | M04 |   seaborn:      0.13.2
2026-07-21 00:18:50 | INFO | M04 |   matplotlib:   3.11.1
2026-07-21 00:18:50 | INFO | M04 | Loading dataset: penguins
2026-07-21 00:18:50 | INFO | M04 | Loaded: 344 rows (instances), 7 columns
2026-07-21 00:18:50 | INFO | M04 | Original rows: 344  Model rows: 342
2026-07-21 00:18:50 | INFO | M04 | Train instances: 273
2026-07-21 00:18:50 | INFO | M04 | Test instances: 69
2026-07-21 00:18:50 | INFO | M04 | Fitting a linear regression (scikit-learn)
2026-07-21 00:18:50 | INFO | M04 | Fitted line: body_mass_g = 85.0564 * bill_length_mm + 473.402
2026-07-21 00:18:50 | INFO | M04 | Fit numbers on the TEST set (for you to interpret):
2026-07-21 00:18:50 | INFO | M04 |   R-squared: 0.3662
2026-07-21 00:18:50 | INFO | M04 |   RMSE:      649.168  (in units of Body mass (g))
2026-07-21 00:18:50 | DEBUG | M04 |   degree= 1  train RMSE=642.33  test RMSE=649.168
2026-07-21 00:18:50 | DEBUG | M04 |   degree= 2  train RMSE=633.081  test RMSE=653.466
2026-07-21 00:18:50 | DEBUG | M04 |   degree= 3  train RMSE=632.185  test RMSE=651.575
2026-07-21 00:18:50 | DEBUG | M04 |   degree= 4  train RMSE=625.024  test RMSE=654.619
2026-07-21 00:18:50 | DEBUG | M04 |   degree= 5  train RMSE=621.17  test RMSE=661.287
2026-07-21 00:21:11 | INFO | M04 | === RUN START ===
2026-07-21 00:21:11 | INFO | M04 | project=M04
2026-07-21 00:21:11 | INFO | M04 | repo_dir=ml-04-regression
2026-07-21 00:21:11 | INFO | M04 | python=3.14.2
2026-07-21 00:21:11 | INFO | M04 | os=Windows 11
2026-07-21 00:21:11 | INFO | M04 | shell=powershell
2026-07-21 00:21:11 | INFO | M04 | cwd=notebooks
2026-07-21 00:21:11 | INFO | M04 | github_actions=False
2026-07-21 00:21:11 | INFO | M04 | Confirming installation:
2026-07-21 00:21:11 | INFO | M04 |   python:       3.14.2
2026-07-21 00:21:11 | INFO | M04 |   pandas:       3.0.3
2026-07-21 00:21:11 | INFO | M04 |   numpy:        2.5.1
2026-07-21 00:21:11 | INFO | M04 |   scikit-learn: 1.9.0
2026-07-21 00:21:11 | INFO | M04 |   seaborn:      0.13.2
2026-07-21 00:21:11 | INFO | M04 |   matplotlib:   3.11.1
2026-07-21 00:21:11 | INFO | M04 | Loading dataset: penguins
2026-07-21 00:21:11 | INFO | M04 | Loaded: 344 rows (instances), 7 columns
2026-07-21 00:21:11 | INFO | M04 | Original rows: 344  Model rows: 342
2026-07-21 00:21:11 | INFO | M04 | Train instances: 273
2026-07-21 00:21:11 | INFO | M04 | Test instances: 69
2026-07-21 00:21:11 | INFO | M04 | Fitting a linear regression (scikit-learn)
2026-07-21 00:21:11 | INFO | M04 | Fitted line: body_mass_g = 85.0564 * bill_length_mm + 473.402
2026-07-21 00:21:11 | INFO | M04 | Fit numbers on the TEST set (for you to interpret):
2026-07-21 00:21:11 | INFO | M04 |   R-squared: 0.3662
2026-07-21 00:21:11 | INFO | M04 |   RMSE:      649.168  (in units of Body mass (g))
2026-07-21 00:21:12 | DEBUG | M04 |   degree= 1  train RMSE=642.33  test RMSE=649.168
2026-07-21 00:21:12 | DEBUG | M04 |   degree= 2  train RMSE=633.081  test RMSE=653.466
2026-07-21 00:21:12 | DEBUG | M04 |   degree= 3  train RMSE=632.185  test RMSE=651.575
2026-07-21 00:21:12 | DEBUG | M04 |   degree= 4  train RMSE=625.024  test RMSE=654.619
2026-07-21 00:21:12 | DEBUG | M04 |   degree= 5  train RMSE=621.17  test RMSE=661.287
2026-07-21 00:24:03 | INFO | M04 | === RUN START ===
2026-07-21 00:24:03 | INFO | M04 | project=M04
2026-07-21 00:24:03 | INFO | M04 | repo_dir=ml-04-regression
2026-07-21 00:24:03 | INFO | M04 | python=3.14.2
2026-07-21 00:24:03 | INFO | M04 | os=Windows 11
2026-07-21 00:24:03 | INFO | M04 | shell=powershell
2026-07-21 00:24:03 | INFO | M04 | cwd=notebooks
2026-07-21 00:24:03 | INFO | M04 | github_actions=False
2026-07-21 00:24:03 | INFO | M04 | Confirming installation:
2026-07-21 00:24:03 | INFO | M04 |   python:       3.14.2
2026-07-21 00:24:03 | INFO | M04 |   pandas:       3.0.3
2026-07-21 00:24:03 | INFO | M04 |   numpy:        2.5.1
2026-07-21 00:24:03 | INFO | M04 |   scikit-learn: 1.9.0
2026-07-21 00:24:03 | INFO | M04 |   seaborn:      0.13.2
2026-07-21 00:24:03 | INFO | M04 |   matplotlib:   3.11.1
2026-07-21 00:24:03 | INFO | M04 | Loading dataset: penguins
2026-07-21 00:24:03 | INFO | M04 | Loaded: 344 rows (instances), 7 columns
2026-07-21 00:24:03 | INFO | M04 | Original rows: 344  Model rows: 342
2026-07-21 00:24:03 | INFO | M04 | Train instances: 273
2026-07-21 00:24:03 | INFO | M04 | Test instances: 69
2026-07-21 00:24:03 | INFO | M04 | Fitting a linear regression (scikit-learn)
2026-07-21 00:24:03 | INFO | M04 | Fitted line: body_mass_g = 85.0564 * bill_length_mm + 473.402
2026-07-21 00:24:03 | INFO | M04 | Fit numbers on the TEST set (for you to interpret):
2026-07-21 00:24:03 | INFO | M04 |   R-squared: 0.3662
2026-07-21 00:24:03 | INFO | M04 |   RMSE:      649.168  (in units of Body mass (g))
2026-07-21 00:24:03 | DEBUG | M04 |   degree= 1  train RMSE=642.33  test RMSE=649.168
2026-07-21 00:24:03 | DEBUG | M04 |   degree= 2  train RMSE=633.081  test RMSE=653.466
2026-07-21 00:24:03 | DEBUG | M04 |   degree= 3  train RMSE=632.185  test RMSE=651.575
2026-07-21 00:24:03 | DEBUG | M04 |   degree= 4  train RMSE=625.024  test RMSE=654.619
2026-07-21 00:24:03 | DEBUG | M04 |   degree= 5  train RMSE=621.17  test RMSE=661.287
2026-07-21 00:24:04 | INFO | M04 | ========================
2026-07-21 00:24:04 | INFO | M04 | SUMMARY
2026-07-21 00:24:04 | INFO | M04 | ========================
2026-07-21 00:24:04 | INFO | M04 | Dataset:  penguins
2026-07-21 00:24:04 | INFO | M04 | Feature:  bill_length_mm  ->  Target: body_mass_g  (regression)
2026-07-21 00:24:04 | INFO | M04 | Line:     body_mass_g = 85.0564 * bill_length_mm + 473.402
2026-07-21 00:24:04 | INFO | M04 | ========================
